  [1m[35m (374.9ms)[0m  [1m[35mCREATE DATABASE "first_routes_and_controllers_development" ENCODING = 'unicode'[0m
  [1m[35m (141.9ms)[0m  [1m[35mCREATE DATABASE "first_routes_and_controllers_test" ENCODING = 'unicode'[0m
Started GET "/" for ::1 at 2022-01-10 17:55:46 +0700
Processing by Rails::WelcomeController#index as */*
  Rendering /Users/tranlananh/.rbenv/versions/2.5.1/lib/ruby/gems/2.5.0/gems/railties-6.1.4.4/lib/rails/templates/rails/welcome/index.html.erb
  Rendered /Users/tranlananh/.rbenv/versions/2.5.1/lib/ruby/gems/2.5.0/gems/railties-6.1.4.4/lib/rails/templates/rails/welcome/index.html.erb (Duration: 40.4ms | Allocations: 528)
Completed 200 OK in 80ms (Views: 48.2ms | ActiveRecord: 0.0ms | Allocations: 4333)


Started GET "/users" for ::1 at 2022-01-10 17:56:09 +0700

AbstractController::ActionNotFound - The action 'show' could not be found for UsersController:

Started GET "/users" for ::1 at 2022-01-10 17:57:22 +0700

AbstractController::ActionNotFound - The action 'show' could not be found for UsersController:

Started GET "/users" for ::1 at 2022-01-10 17:57:46 +0700

AbstractController::ActionNotFound - The action 'show' could not be found for UsersController:

Started POST "/__better_errors/07f97034ede4d369/variables" for ::1 at 2022-01-10 17:57:47 +0700
Started POST "/__better_errors/07f97034ede4d369/variables" for ::1 at 2022-01-10 17:57:53 +0700
Started GET "/users" for ::1 at 2022-01-10 17:59:09 +0700

AbstractController::ActionNotFound - The action 'show' could not be found for UsersController:

Started GET "/users" for ::1 at 2022-01-10 17:59:11 +0700

AbstractController::ActionNotFound - The action 'show' could not be found for UsersController:

Started GET "/users" for ::1 at 2022-01-10 18:06:36 +0700
Processing by UsersController#index as */*
No template found for UsersController#index, rendering head :no_content
Completed 204 No Content in 10ms (Allocations: 1702)


Started GET "/users" for ::1 at 2022-01-10 18:06:52 +0700
Processing by UsersController#index as */*
No template found for UsersController#index, rendering head :no_content
Completed 204 No Content in 1ms (Allocations: 235)


Started GET "/users" for ::1 at 2022-01-10 18:07:03 +0700
Processing by UsersController#index as HTML
Completed 406 Not Acceptable in 11ms (Allocations: 1660)



ActionController::MissingExactTemplate - UsersController#index is missing a template for request formats: text/html:

Started POST "/__better_errors/f1e952c8b93155b9/variables" for ::1 at 2022-01-10 18:07:04 +0700
Started GET "/users" for ::1 at 2022-01-10 18:07:56 +0700
Processing by UsersController#index as HTML
Completed 406 Not Acceptable in 2ms (Allocations: 1089)



ActionController::MissingExactTemplate - UsersController#index is missing a template for request formats: text/html:

Started POST "/__better_errors/9cf575bee8f9c893/variables" for ::1 at 2022-01-10 18:07:57 +0700
Started GET "/users" for ::1 at 2022-01-10 18:08:08 +0700
Processing by UsersController#index as */*
No template found for UsersController#index, rendering head :no_content
Completed 204 No Content in 2ms (Allocations: 243)


Started GET "/users" for ::1 at 2022-01-10 18:09:38 +0700
Processing by UsersController#index as */*
  Rendering text template
  Rendered text template (Duration: 1.3ms | Allocations: 29)
Completed 200 OK in 7ms (Views: 6.1ms | Allocations: 679)


Started GET "/users" for ::1 at 2022-01-10 18:09:46 +0700
Processing by UsersController#index as HTML
  Rendering text template
  Rendered text template (Duration: 0.1ms | Allocations: 29)
Completed 200 OK in 2ms (Views: 1.1ms | Allocations: 299)


Started GET "/users" for ::1 at 2022-01-10 18:10:21 +0700
Processing by UsersController#index as HTML
Completed 200 OK in 1ms (Views: 0.3ms | Allocations: 243)


Started GET "/users?favored_food=pizza&sex=male" for ::1 at 2022-01-10 18:11:08 +0700
Processing by UsersController#index as HTML
  Parameters: {"favored_food"=>"pizza", "sex"=>"male"}
Completed 200 OK in 2ms (Views: 1.2ms | Allocations: 259)


Started POST "/users" for ::1 at 2022-01-10 21:43:19 +0700

AbstractController::ActionNotFound - The action 'create' could not be found for UsersController:

Started POST "/users" for ::1 at 2022-01-10 21:44:01 +0700
Processing by UsersController#create as */*
Completed 200 OK in 12ms (Views: 2.8ms | Allocations: 244)


Started POST "/users?fav_food=pizza" for ::1 at 2022-01-10 21:45:19 +0700
Processing by UsersController#create as */*
  Parameters: {"fav_food"=>"pizza"}
Completed 200 OK in 1ms (Views: 0.2ms | Allocations: 251)


Started GET "/users/2" for ::1 at 2022-01-10 21:45:55 +0700

AbstractController::ActionNotFound - The action 'show' could not be found for UsersController:

Started GET "/users/2" for ::1 at 2022-01-10 21:46:15 +0700
Processing by UsersController#show as */*
  Parameters: {"id"=>"2"}
Completed 200 OK in 3ms (Views: 0.8ms | Allocations: 258)


Started GET "/users/2" for ::1 at 2022-01-10 22:29:12 +0700
Processing by UsersController#show as */*
  Parameters: {"a"=>"a", "id"=>"2"}
Completed 200 OK in 3ms (Views: 1.1ms | Allocations: 272)


Started GET "/users/2" for ::1 at 2022-01-10 22:31:42 +0700
Processing by UsersController#show as */*
  Parameters: {"id"=>"2"}
Completed 200 OK in 1ms (Views: 0.2ms | Allocations: 251)


Started POST "/users/2" for ::1 at 2022-01-10 22:32:08 +0700
  
ActionController::RoutingError (No route matches [POST] "/users/2"):
  
Started POST "/users/2" for ::1 at 2022-01-10 22:32:49 +0700
  
ActionController::RoutingError (No route matches [POST] "/users/2"):
  
Started POST "/users/2?cats[id]=1&cats[name]=hey&cats[gender]=male" for ::1 at 2022-01-10 22:33:44 +0700
  
ActionController::RoutingError (No route matches [POST] "/users/2"):
  
Started POST "/users/2?cats[id]=1&cats[name]=hey&cats[gender]=male" for ::1 at 2022-01-10 22:35:21 +0700
  
ActionController::RoutingError (No route matches [POST] "/users/2"):
  
Started POST "/users/2?cats[id]=1&cats[name]=hey&cats[gender]=male" for ::1 at 2022-01-10 22:35:47 +0700
  
ActionController::RoutingError (No route matches [POST] "/users/2"):
  
Started POST "/users/2?cats[id]=1&cats[name]=hey&cats[gender]=male" for ::1 at 2022-01-10 22:36:02 +0700
  
ActionController::RoutingError (No route matches [POST] "/users/2"):
  
Started POST "/users/?cats[id]=1&cats[name]=hey&cats[gender]=male" for ::1 at 2022-01-10 22:36:45 +0700
Processing by UsersController#create as */*
  Parameters: {"a"=>"a", "cats"=>{"id"=>"1", "name"=>"hey", "gender"=>"male"}}
Completed 200 OK in 3ms (Views: 1.6ms | Allocations: 310)


Started POST "/users/?cats[id]=1&cats[name]=hey&cats[gender]=male" for ::1 at 2022-01-10 22:37:15 +0700
Processing by UsersController#create as */*
  Parameters: {"cats"=>{"id"=>"1", "name"=>"hey", "gender"=>"male"}}
Completed 200 OK in 2ms (Views: 1.0ms | Allocations: 290)


Started GET "/users?favored_food=pizza&sex=male" for ::1 at 2022-01-10 22:44:08 +0700
Processing by UsersController#index as HTML
  Parameters: {"favored_food"=>"pizza", "sex"=>"male"}
Completed 200 OK in 8ms (Views: 1.7ms | Allocations: 259)


  [1m[35m (124.9ms)[0m  [1m[35mCREATE TABLE "schema_migrations" ("version" character varying NOT NULL PRIMARY KEY)[0m
  [1m[35m (88.3ms)[0m  [1m[35mCREATE TABLE "ar_internal_metadata" ("key" character varying NOT NULL PRIMARY KEY, "value" character varying, "created_at" timestamp(6) NOT NULL, "updated_at" timestamp(6) NOT NULL)[0m
  [1m[35m (42.0ms)[0m  [1m[34mSELECT pg_try_advisory_lock(2711202859307440470)[0m
  [1m[35m (0.9ms)[0m  [1m[34mSELECT "schema_migrations"."version" FROM "schema_migrations" ORDER BY "schema_migrations"."version" ASC[0m
Migrating to AddNameAndEmailToUsers (20220110154813)
  [1m[36mTRANSACTION (0.4ms)[0m  [1m[35mBEGIN[0m
  [1m[35m (46.9ms)[0m  [1m[35mALTER TABLE "users" ADD "name" character varying NOT NULL[0m
  [1m[36mTRANSACTION (0.2ms)[0m  [1m[31mROLLBACK[0m
  [1m[35m (0.3ms)[0m  [1m[34mSELECT pg_advisory_unlock(2711202859307440470)[0m
  [1m[35m (6.1ms)[0m  [1m[34mSELECT "schema_migrations"."version" FROM "schema_migrations" ORDER BY "schema_migrations"."version" ASC[0m
  [1m[35m (0.4ms)[0m  [1m[34mSELECT pg_try_advisory_lock(2711202859307440470)[0m
  [1m[35m (1.4ms)[0m  [1m[34mSELECT "schema_migrations"."version" FROM "schema_migrations" ORDER BY "schema_migrations"."version" ASC[0m
Migrating to CreateUsers (20220110155124)
  [1m[36mTRANSACTION (0.9ms)[0m  [1m[35mBEGIN[0m
  [1m[35m (59.4ms)[0m  [1m[35mCREATE TABLE "users" ("id" bigserial primary key, "name" character varying NOT NULL, "email" character varying NOT NULL, "created_at" timestamp(6) NOT NULL, "updated_at" timestamp(6) NOT NULL)[0m
  [1m[36mActiveRecord::SchemaMigration Create (6.6ms)[0m  [1m[32mINSERT INTO "schema_migrations" ("version") VALUES ($1) RETURNING "version"[0m  [["version", "20220110155124"]]
  [1m[36mTRANSACTION (3.0ms)[0m  [1m[35mCOMMIT[0m
  [1m[36mActiveRecord::InternalMetadata Load (40.8ms)[0m  [1m[34mSELECT "ar_internal_metadata".* FROM "ar_internal_metadata" WHERE "ar_internal_metadata"."key" = $1 LIMIT $2[0m  [["key", "environment"], ["LIMIT", 1]]
  [1m[36mTRANSACTION (0.2ms)[0m  [1m[35mBEGIN[0m
  [1m[36mActiveRecord::InternalMetadata Create (1.6ms)[0m  [1m[32mINSERT INTO "ar_internal_metadata" ("key", "value", "created_at", "updated_at") VALUES ($1, $2, $3, $4) RETURNING "key"[0m  [["key", "environment"], ["value", "development"], ["created_at", "2022-01-10 15:52:33.559135"], ["updated_at", "2022-01-10 15:52:33.559135"]]
  [1m[36mTRANSACTION (0.6ms)[0m  [1m[35mCOMMIT[0m
  [1m[35m (0.5ms)[0m  [1m[34mSELECT pg_advisory_unlock(2711202859307440470)[0m
  [1m[35m (32.9ms)[0m  [1m[34mSELECT "schema_migrations"."version" FROM "schema_migrations" ORDER BY "schema_migrations"."version" ASC[0m
Started GET "/users" for ::1 at 2022-01-10 22:53:24 +0700
  [1m[35m (1.7ms)[0m  [1m[34mSELECT "schema_migrations"."version" FROM "schema_migrations" ORDER BY "schema_migrations"."version" ASC[0m
Processing by UsersController#index as HTML
Completed 500 Internal Server Error in 3ms (ActiveRecord: 0.0ms | Allocations: 2383)



ArgumentError - Unknown validator: 'PrensenceValidator':
  app/models/user.rb:2:in `<class:User>'
  app/models/user.rb:1:in `<top (required)>'
  app/controllers/users_controller.rb:3:in `index'

Started POST "/__better_errors/4d69ecff5632d03a/variables" for ::1 at 2022-01-10 22:53:25 +0700
Started GET "/users" for ::1 at 2022-01-10 22:54:04 +0700
Processing by UsersController#index as */*
  [1m[36mUser Load (8.3ms)[0m  [1m[34mSELECT "users".* FROM "users"[0m
  ↳ app/controllers/users_controller.rb:4:in `index'
Completed 200 OK in 14ms (Views: 5.1ms | ActiveRecord: 8.3ms | Allocations: 1198)


Started POST "/users?name=Steve&email=stv@agg.com" for ::1 at 2022-01-10 22:57:25 +0700
Processing by UsersController#create as */*
  Parameters: {"name"=>"Steve", "email"=>"stv@agg.com"}
Completed 500 Internal Server Error in 17ms (ActiveRecord: 0.0ms | Allocations: 2377)



ArgumentError - Unknown validator: 'PrensenceValidator':
  app/models/user.rb:2:in `<class:User>'
  app/models/user.rb:1:in `<top (required)>'
  app/controllers/users_controller.rb:9:in `create'

Started POST "/users?name=Steve&email=stv@agg.com" for ::1 at 2022-01-10 22:58:04 +0700
Processing by UsersController#create as */*
  Parameters: {"name"=>"Steve", "email"=>"stv@agg.com"}
  [1m[36mTRANSACTION (2.0ms)[0m  [1m[35mBEGIN[0m
  ↳ app/controllers/users_controller.rb:10:in `create'
  [1m[36mUser Create (23.2ms)[0m  [1m[32mINSERT INTO "users" ("name", "email", "created_at", "updated_at") VALUES ($1, $2, $3, $4) RETURNING "id"[0m  [["name", "Steve"], ["email", "stv@agg.com"], ["created_at", "2022-01-10 15:58:05.191811"], ["updated_at", "2022-01-10 15:58:05.191811"]]
  ↳ app/controllers/users_controller.rb:10:in `create'
  [1m[36mTRANSACTION (11.4ms)[0m  [1m[35mCOMMIT[0m
  ↳ app/controllers/users_controller.rb:10:in `create'
Completed 200 OK in 170ms (Views: 0.7ms | ActiveRecord: 101.8ms | Allocations: 7240)


Started GET "/users" for ::1 at 2022-01-10 22:58:31 +0700
Processing by UsersController#index as */*
  [1m[36mUser Load (96.8ms)[0m  [1m[34mSELECT "users".* FROM "users"[0m
  ↳ app/controllers/users_controller.rb:4:in `index'
Completed 200 OK in 129ms (Views: 30.8ms | ActiveRecord: 96.8ms | Allocations: 1208)


Started GET "/users" for ::1 at 2022-01-10 23:16:37 +0700
Processing by UsersController#index as HTML
  [1m[36mUser Load (3.0ms)[0m  [1m[34mSELECT "users".* FROM "users"[0m
  ↳ app/controllers/users_controller.rb:4:in `index'
Completed 200 OK in 461ms (Views: 398.0ms | ActiveRecord: 148.7ms | Allocations: 4371)


Started POST "/users?user[name]=Jul&user[email]=jul@haha.com" for ::1 at 2022-01-10 23:24:57 +0700
Processing by UsersController#create as */*
  Parameters: {"user"=>{"name"=>"Jul", "email"=>"jul@haha.com"}}
  [1m[36mTRANSACTION (42.8ms)[0m  [1m[35mBEGIN[0m
  ↳ app/controllers/users_controller.rb:10:in `create'
  [1m[36mUser Create (67.6ms)[0m  [1m[32mINSERT INTO "users" ("name", "email", "created_at", "updated_at") VALUES ($1, $2, $3, $4) RETURNING "id"[0m  [["name", "Jul"], ["email", "jul@haha.com"], ["created_at", "2022-01-10 16:24:58.036435"], ["updated_at", "2022-01-10 16:24:58.036435"]]
  ↳ app/controllers/users_controller.rb:10:in `create'
  [1m[36mTRANSACTION (162.5ms)[0m  [1m[35mCOMMIT[0m
  ↳ app/controllers/users_controller.rb:10:in `create'
Completed 200 OK in 386ms (Views: 0.6ms | ActiveRecord: 295.4ms | Allocations: 8626)


Started GET "/users" for ::1 at 2022-01-10 23:25:32 +0700
Processing by UsersController#index as */*
  [1m[36mUser Load (21.4ms)[0m  [1m[34mSELECT "users".* FROM "users"[0m
  ↳ app/controllers/users_controller.rb:4:in `index'
Completed 200 OK in 26ms (Views: 3.6ms | ActiveRecord: 21.4ms | Allocations: 1349)


Started POST "/users?user[name]=nil&user[email]=hello@gmail.com" for ::1 at 2022-01-10 23:57:40 +0700
Processing by UsersController#create as */*
  Parameters: {"user"=>{"name"=>"nil", "email"=>"hello@gmail.com"}}
Completed 500 Internal Server Error in 5ms (Allocations: 2376)



ArgumentError - Unknown validator: 'PrensenceValidator':
  app/models/user.rb:2:in `<class:User>'
  app/models/user.rb:1:in `<top (required)>'
  app/controllers/users_controller.rb:9:in `create'

Started POST "/users?user[name]=nil&user[email]=hello@gmail.com" for ::1 at 2022-01-10 23:58:37 +0700
Processing by UsersController#create as */*
  Parameters: {"user"=>{"name"=>"nil", "email"=>"hello@gmail.com"}}
  [1m[36mTRANSACTION (26.6ms)[0m  [1m[35mBEGIN[0m
  ↳ app/controllers/users_controller.rb:10:in `create'
  [1m[36mUser Create (45.4ms)[0m  [1m[32mINSERT INTO "users" ("name", "email", "created_at", "updated_at") VALUES ($1, $2, $3, $4) RETURNING "id"[0m  [["name", "nil"], ["email", "hello@gmail.com"], ["created_at", "2022-01-10 16:58:37.735210"], ["updated_at", "2022-01-10 16:58:37.735210"]]
  ↳ app/controllers/users_controller.rb:10:in `create'
  [1m[36mTRANSACTION (50.8ms)[0m  [1m[35mCOMMIT[0m
  ↳ app/controllers/users_controller.rb:10:in `create'
Completed 200 OK in 248ms (Views: 0.7ms | ActiveRecord: 143.9ms | Allocations: 8818)


Started POST "/users?user[name]=null&user[email]=hello@gmail.com" for ::1 at 2022-01-10 23:58:57 +0700
Processing by UsersController#create as */*
  Parameters: {"user"=>{"name"=>"null", "email"=>"hello@gmail.com"}}
  [1m[36mTRANSACTION (0.9ms)[0m  [1m[35mBEGIN[0m
  ↳ app/controllers/users_controller.rb:10:in `create'
  [1m[36mUser Create (2.0ms)[0m  [1m[32mINSERT INTO "users" ("name", "email", "created_at", "updated_at") VALUES ($1, $2, $3, $4) RETURNING "id"[0m  [["name", "null"], ["email", "hello@gmail.com"], ["created_at", "2022-01-10 16:58:57.065695"], ["updated_at", "2022-01-10 16:58:57.065695"]]
  ↳ app/controllers/users_controller.rb:10:in `create'
  [1m[36mTRANSACTION (19.1ms)[0m  [1m[35mCOMMIT[0m
  ↳ app/controllers/users_controller.rb:10:in `create'
Completed 200 OK in 35ms (Views: 0.5ms | ActiveRecord: 22.0ms | Allocations: 2584)


Started POST "/users?user[name]=nul&user[email]=hello@gmail.com" for ::1 at 2022-01-10 23:59:01 +0700
Processing by UsersController#create as */*
  Parameters: {"user"=>{"name"=>"nul", "email"=>"hello@gmail.com"}}
  [1m[36mTRANSACTION (1.2ms)[0m  [1m[35mBEGIN[0m
  ↳ app/controllers/users_controller.rb:10:in `create'
  [1m[36mUser Create (46.0ms)[0m  [1m[32mINSERT INTO "users" ("name", "email", "created_at", "updated_at") VALUES ($1, $2, $3, $4) RETURNING "id"[0m  [["name", "nul"], ["email", "hello@gmail.com"], ["created_at", "2022-01-10 16:59:01.163717"], ["updated_at", "2022-01-10 16:59:01.163717"]]
  ↳ app/controllers/users_controller.rb:10:in `create'
  [1m[36mTRANSACTION (1.5ms)[0m  [1m[35mCOMMIT[0m
  ↳ app/controllers/users_controller.rb:10:in `create'
Completed 200 OK in 65ms (Views: 0.3ms | ActiveRecord: 48.6ms | Allocations: 2596)


Started POST "/users?user[name]=&user[email]=hello@gmail.com" for ::1 at 2022-01-10 23:59:06 +0700
Processing by UsersController#create as */*
  Parameters: {"user"=>{"name"=>"", "email"=>"hello@gmail.com"}}
Completed 422 Unprocessable Entity in 95ms (ActiveRecord: 0.0ms | Allocations: 5438)



ActiveRecord::RecordInvalid - Validation failed: Name can't be blank:
  app/controllers/users_controller.rb:10:in `create'

Started GET "/users" for ::1 at 2022-01-10 23:59:17 +0700
Processing by UsersController#index as */*
  [1m[36mUser Load (104.7ms)[0m  [1m[34mSELECT "users".* FROM "users"[0m
  ↳ app/controllers/users_controller.rb:4:in `index'
Completed 200 OK in 129ms (Views: 23.6ms | ActiveRecord: 104.7ms | Allocations: 1680)


Started POST "/users?user[email]" for ::1 at 2022-01-10 23:59:47 +0700
Processing by UsersController#create as */*
  Parameters: {"user"=>{"email"=>nil}}
Completed 422 Unprocessable Entity in 21ms (ActiveRecord: 0.0ms | Allocations: 2426)



ActiveRecord::RecordInvalid - Validation failed: Name can't be blank, Email can't be blank:
  app/controllers/users_controller.rb:10:in `create'

Started PATCH "/users/1?user[name]=new_name&user[email]=new_email@google.com" for ::1 at 2022-01-11 00:06:20 +0700
Processing by UsersController#update as */*
  Parameters: {"user"=>{"name"=>"new_name", "email"=>"new_email@google.com"}, "id"=>"1"}
  [1m[36mUser Load (28.4ms)[0m  [1m[34mSELECT "users".* FROM "users" WHERE "users"."id" = $1 LIMIT $2[0m  [["id", 1], ["LIMIT", 1]]
  ↳ app/controllers/users_controller.rb:26:in `update'
  [1m[36mTRANSACTION (1.0ms)[0m  [1m[35mBEGIN[0m
  ↳ app/controllers/users_controller.rb:27:in `update'
  [1m[36mUser Update (5.6ms)[0m  [1m[33mUPDATE "users" SET "name" = $1, "email" = $2, "updated_at" = $3 WHERE "users"."id" = $4[0m  [["name", "new_name"], ["email", "new_email@google.com"], ["updated_at", "2022-01-10 17:06:21.426840"], ["id", 1]]
  ↳ app/controllers/users_controller.rb:27:in `update'
  [1m[36mTRANSACTION (4.3ms)[0m  [1m[35mCOMMIT[0m
  ↳ app/controllers/users_controller.rb:27:in `update'
Completed 200 OK in 199ms (Views: 0.5ms | ActiveRecord: 91.1ms | Allocations: 10438)


Started GET "/users" for ::1 at 2022-01-11 00:06:36 +0700
Processing by UsersController#index as */*
  [1m[36mUser Load (12.0ms)[0m  [1m[34mSELECT "users".* FROM "users"[0m
  ↳ app/controllers/users_controller.rb:4:in `index'
Completed 200 OK in 31ms (Views: 18.7ms | ActiveRecord: 12.0ms | Allocations: 1614)


Started PATCH "/users/2?user[name]=&user[email]=new_email@google.com" for ::1 at 2022-01-11 00:06:59 +0700
Processing by UsersController#update as */*
  Parameters: {"user"=>{"name"=>"", "email"=>"new_email@google.com"}, "id"=>"2"}
  [1m[36mUser Load (1.2ms)[0m  [1m[34mSELECT "users".* FROM "users" WHERE "users"."id" = $1 LIMIT $2[0m  [["id", 2], ["LIMIT", 1]]
  ↳ app/controllers/users_controller.rb:26:in `update'
Completed 500 Internal Server Error in 24ms (ActiveRecord: 1.2ms | Allocations: 4779)



ArgumentError - '"Name can't be blank"' is not an ActiveModel-compatible object. It must implement :to_partial_path.:
  app/controllers/users_controller.rb:30:in `update'

